<?xml version="1.0" encoding="UTF-8"?>
<testng-results skipped="0" failed="0" ignored="0" total="1" passed="1">
  <reporter-output>
  </reporter-output>
  <suite name="Default suite" duration-ms="29616" started-at="2020-08-30T20:34:44 BST" finished-at="2020-08-30T20:35:13 BST">
    <groups>
    </groups>
    <test name="Default test" duration-ms="29616" started-at="2020-08-30T20:34:44 BST" finished-at="2020-08-30T20:35:13 BST">
      <class name="gmail.gm">
        <test-method status="PASS" signature="google()[pri:0, instance:gmail.gm@1442d7b5]" name="google" duration-ms="29547" started-at="2020-08-30T20:34:44 BST" finished-at="2020-08-30T20:35:13 BST">
          <reporter-output>
          </reporter-output>
        </test-method> <!-- google -->
      </class> <!-- gmail.gm -->
    </test> <!-- Default test -->
  </suite> <!-- Default suite -->
</testng-results>
